Arguments: 
  C:\Program Files\nodejs\node.exe C:\Users\fangy\AppData\Roaming\npm\node_modules\yarn\bin\yarn.js

PATH: 
  C:\Windows\system32;C:\Windows;C:\Windows\System32\Wbem;C:\Windows\System32\WindowsPowerShell\v1.0\;C:\Windows\System32\OpenSSH\;D:\Java\jdk1.8.0_202\bin;D:\Java\jdk1.8.0_202\jre\bin;C:\Users\fangy\AppData\Local\Microsoft\WindowsApps;C:\Users\fangy\AppData\Roaming\npm;C:\Users\fangy\AppData\Local\Programs\Microsoft VS Code\bin;D:\Java\jdk1.8.0_202\bin;D:\Java\jdk1.8.0_202\jre\bin;C:\Users\fangy\AppData\Roaming\nvm;C:\Program Files\nodejs;C:\Program Files\Git\cmd;D:\apache-maven-3.6.3\bin;C:\Program Files\Redis;C:\Program Files (x86)\Tencent\微信web开发者工具\dll;C:\Program Files\PuTTY\;C:\Program Files\dotnet\;C:\Program Files (x86)\Windows Kits\10\Windows Performance Toolkit\;C:\Program Files\TortoiseGit\bin;C:\Program Files (x86)\Gpg4win\..\GnuPG\bin;C:\Users\fangy\AppData\Local\Programs\EmEditor;C:\Program Files (x86)\GnuPG\bin;C:\Program Files (x86)\Nmap

Yarn version: 
  1.22.19

Node version: 
  20.6.1

Platform: 
  win32 x64

Trace: 
  Error: ENOENT: no such file or directory, copyfile 'C:\Users\fangy\AppData\Local\Yarn\Cache\v6\npm-yallist-4.0.0-9bb92790d9c0effec63be73519e11a35019a3a72-integrity\node_modules\yallist\LICENSE' -> 'D:\project\MOSSAI_Contract\node_modules\prettier-plugin-solidity\node_modules\yallist\LICENSE'

npm manifest: 
  {
    "devDependencies": {
      "hardhat": "^2.18.1",
      "prettier": "^3.0.3",
      "prettier-plugin-solidity": "^1.2.0",
      "ts-node": "^10.9.1",
      "typescript": "^5.2.2"
    },
    "dependencies": {
      "@chainlink/contracts": "^0.8.0",
      "@confluxfans/contracts": "^0.3.3",
      "@nomicfoundation/hardhat-toolbox": "^3.0.0",
      "@openzeppelin/contracts": "^4.9.3",
      "axios": "^1.5.1",
      "dayjs": "^1.11.10",
      "dotenv": "^16.3.1",
      "fs": "0.0.1-security",
      "mysql2": "^3.6.2"
    }
  }

yarn manifest: 
  No manifest

Lockfile: 
  No lockfile
